<?xml version="1.0" encoding="UTF-8"?>
<!-- Generated by org.testng.reporters.JUnitXMLReporter -->
<testsuite ignored="0" hostname="DESKTOP-OTEDSO8" failures="0" tests="3" name="Submit Order Test" time="35.166" errors="0" timestamp="2025-01-03T18:58:47 IST">
  <testcase classname="AutomationseleniumFrameworkDesign.tests.StandardAloneTest" name="submitOrderTest" time="10.462"/>
  <testcase classname="AutomationseleniumFrameworkDesign.tests.StandardAloneTest" name="submitOrderTest" time="9.993"/>
  <testcase classname="AutomationseleniumFrameworkDesign.tests.StandardAloneTest" name="orderPageTest" time="1.006"/>
</testsuite> <!-- Submit Order Test -->
