<?xml version="1.0" encoding="UTF-8"?>
<!-- Generated by org.testng.reporters.JUnitXMLReporter -->
<testsuite ignored="0" hostname="DESKTOP-OTEDSO8" failures="0" tests="2" name="Error Validation Test" time="28.122" errors="0" timestamp="2025-01-04T23:24:39 IST">
  <testcase classname="AutomationseleniumFrameworkDesign.tests.errorvalidationtest" name="cartItemCheck" time="14.646"/>
  <testcase classname="AutomationseleniumFrameworkDesign.tests.errorvalidationtest" name="loginTest" time="0.8"/>
</testsuite> <!-- Error Validation Test -->
