<?xml version="1.0" encoding="UTF-8"?>
<!-- Generated by org.testng.reporters.JUnitXMLReporter -->
<testsuite ignored="0" hostname="DESKTOP-OTEDSO8" failures="0" tests="3" name="Submit Order Test" time="35.533" errors="0" timestamp="2025-01-04T23:24:46 IST">
  <testcase classname="AutomationseleniumFrameworkDesign.tests.StandardAloneTest" name="submitOrderTest" time="4.865"/>
  <testcase classname="AutomationseleniumFrameworkDesign.tests.StandardAloneTest" name="submitOrderTest" time="11.029"/>
  <testcase classname="AutomationseleniumFrameworkDesign.tests.StandardAloneTest" name="orderPageTest" time="1.953"/>
</testsuite> <!-- Submit Order Test -->
